2017/10/24 11:23:23 にビルドを開始しました。
     1>ノード 2 上のプロジェクト "D:\Visual Studio 2010\Projects\property作成\property作成\property作成.vcxproj" (build ターゲット)。
     1>InitializeBuildStatus:
         "AlwaysCreate" が指定されたため "Debug\property作成.unsuccessfulbuild" を作成しています。
       ClCompile:
         C:\Program Files (x86)\Microsoft Visual Studio 10.0\VC\bin\CL.exe /c /ZI /nologo /W3 /WX- /Od /Oy- /D WIN32 /D _DEBUG /D _CONSOLE /D _UNICODE /D UNICODE /Gm /EHsc /RTC1 /MDd /GS /fp:precise /Zc:wchar_t /Zc:forScope /Fo"Debug\\" /Fd"Debug\vc100.pdb" /Gd /TP /analyze- /errorReport:prompt proprety.cpp
         proprety.cpp
     1>d:\visual studio 2010\projects\property作成\property作成\proprety.cpp(47): warning C4996: 'localtime': This function or variable may be unsafe. Consider using localtime_s instead. To disable deprecation, use _CRT_SECURE_NO_WARNINGS. See online help for details.
                 c:\program files (x86)\microsoft visual studio 10.0\vc\include\time.inl(112) : 'localtime' の宣言を確認してください。
     1>d:\visual studio 2010\projects\property作成\property作成\proprety.cpp(49): warning C4996: 'sprintf': This function or variable may be unsafe. Consider using sprintf_s instead. To disable deprecation, use _CRT_SECURE_NO_WARNINGS. See online help for details.
                 c:\program files (x86)\microsoft visual studio 10.0\vc\include\stdio.h(371) : 'sprintf' の宣言を確認してください。
     1>d:\visual studio 2010\projects\property作成\property作成\proprety.cpp(63): warning C4996: 'sprintf': This function or variable may be unsafe. Consider using sprintf_s instead. To disable deprecation, use _CRT_SECURE_NO_WARNINGS. See online help for details.
                 c:\program files (x86)\microsoft visual studio 10.0\vc\include\stdio.h(371) : 'sprintf' の宣言を確認してください。
     1>d:\visual studio 2010\projects\property作成\property作成\proprety.cpp(79): warning C4996: 'sprintf': This function or variable may be unsafe. Consider using sprintf_s instead. To disable deprecation, use _CRT_SECURE_NO_WARNINGS. See online help for details.
                 c:\program files (x86)\microsoft visual studio 10.0\vc\include\stdio.h(371) : 'sprintf' の宣言を確認してください。
     1>d:\visual studio 2010\projects\property作成\property作成\proprety.cpp(95): warning C4996: 'sprintf': This function or variable may be unsafe. Consider using sprintf_s instead. To disable deprecation, use _CRT_SECURE_NO_WARNINGS. See online help for details.
                 c:\program files (x86)\microsoft visual studio 10.0\vc\include\stdio.h(371) : 'sprintf' の宣言を確認してください。
     1>d:\visual studio 2010\projects\property作成\property作成\proprety.cpp(96): warning C4996: 'fopen': This function or variable may be unsafe. Consider using fopen_s instead. To disable deprecation, use _CRT_SECURE_NO_WARNINGS. See online help for details.
                 c:\program files (x86)\microsoft visual studio 10.0\vc\include\stdio.h(234) : 'fopen' の宣言を確認してください。
     1>d:\visual studio 2010\projects\property作成\property作成\proprety.cpp(104): warning C4996: 'sprintf': This function or variable may be unsafe. Consider using sprintf_s instead. To disable deprecation, use _CRT_SECURE_NO_WARNINGS. See online help for details.
                 c:\program files (x86)\microsoft visual studio 10.0\vc\include\stdio.h(371) : 'sprintf' の宣言を確認してください。
     1>d:\visual studio 2010\projects\property作成\property作成\proprety.cpp(122): warning C4996: 'sprintf': This function or variable may be unsafe. Consider using sprintf_s instead. To disable deprecation, use _CRT_SECURE_NO_WARNINGS. See online help for details.
                 c:\program files (x86)\microsoft visual studio 10.0\vc\include\stdio.h(371) : 'sprintf' の宣言を確認してください。
     1>d:\visual studio 2010\projects\property作成\property作成\proprety.cpp(123): warning C4996: 'fopen': This function or variable may be unsafe. Consider using fopen_s instead. To disable deprecation, use _CRT_SECURE_NO_WARNINGS. See online help for details.
                 c:\program files (x86)\microsoft visual studio 10.0\vc\include\stdio.h(234) : 'fopen' の宣言を確認してください。
     1>d:\visual studio 2010\projects\property作成\property作成\proprety.cpp(127): warning C4996: 'sprintf': This function or variable may be unsafe. Consider using sprintf_s instead. To disable deprecation, use _CRT_SECURE_NO_WARNINGS. See online help for details.
                 c:\program files (x86)\microsoft visual studio 10.0\vc\include\stdio.h(371) : 'sprintf' の宣言を確認してください。
     1>d:\visual studio 2010\projects\property作成\property作成\proprety.cpp(36): warning C4101: 'input_image_sd' : ローカル変数は 1 度も使われていません。
     1>d:\visual studio 2010\projects\property作成\property作成\proprety.cpp(58): warning C4101: 'outputbmp_directory' : ローカル変数は 1 度も使われていません。
     1>d:\visual studio 2010\projects\property作成\property作成\proprety.cpp(83): warning C4101: 'filename_pro' : ローカル変数は 1 度も使われていません。
     1>d:\visual studio 2010\projects\property作成\property作成\proprety.cpp(82): warning C4101: 'fp_atan' : ローカル変数は 1 度も使われていません。
     1>d:\visual studio 2010\projects\property作成\property作成\proprety.cpp(60): warning C4101: 'atan_directory' : ローカル変数は 1 度も使われていません。
     1>d:\visual studio 2010\projects\property作成\property作成\proprety.cpp(59): warning C4101: 'cossim_directory' : ローカル変数は 1 度も使われていません。
     1>d:\visual studio 2010\projects\property作成\property作成\proprety.cpp(56): warning C4101: 'conv_directory' : ローカル変数は 1 度も使われていません。
     1>d:\visual studio 2010\projects\property作成\property作成\proprety.cpp(53): warning C4101: 'property_atan' : ローカル変数は 1 度も使われていません。
     1>d:\visual studio 2010\projects\property作成\property作成\proprety.cpp(85): warning C4101: 'filenemae_cossim' : ローカル変数は 1 度も使われていません。
     1>d:\visual studio 2010\projects\property作成\property作成\proprety.cpp(82): warning C4101: 'fp_cossim' : ローカル変数は 1 度も使われていません。
     1>d:\visual studio 2010\projects\property作成\property作成\proprety.cpp(57): warning C4101: 'input_directory' : ローカル変数は 1 度も使われていません。
     1>d:\visual studio 2010\projects\property作成\property作成\proprety.cpp(86): warning C4101: 'filenemae_atan' : ローカル変数は 1 度も使われていません。
     1>d:\visual studio 2010\projects\property作成\property作成\proprety.cpp(54): warning C4101: 'property_cossim' : ローカル変数は 1 度も使われていません。
       ManifestResourceCompile:
         すべての出力が最新のものです。
       Link:
         C:\Program Files (x86)\Microsoft Visual Studio 10.0\VC\bin\link.exe /ERRORREPORT:PROMPT /OUT:"D:\Visual Studio 2010\Projects\property作成\Debug\property作成.exe" /INCREMENTAL /NOLOGO kernel32.lib user32.lib gdi32.lib winspool.lib comdlg32.lib advapi32.lib shell32.lib ole32.lib oleaut32.lib uuid.lib odbc32.lib odbccp32.lib /MANIFEST /ManifestFile:"Debug\property作成.exe.intermediate.manifest" /MANIFESTUAC:"level='asInvoker' uiAccess='false'" /DEBUG /PDB:"D:\Visual Studio 2010\Projects\property作成\Debug\property作成.pdb" /SUBSYSTEM:CONSOLE /TLBID:1 /DYNAMICBASE /NXCOMPAT /IMPLIB:"D:\Visual Studio 2010\Projects\property作成\Debug\property作成.lib" /MACHINE:X86 "Debug\property作成.exe.embed.manifest.res"
         Debug\proprety.obj
       Manifest:
         C:\Program Files (x86)\Microsoft SDKs\Windows\v7.0A\bin\mt.exe /nologo /verbose /out:"Debug\property作成.exe.embed.manifest" /manifest "Debug\property作成.exe.intermediate.manifest"
         すべての出力が最新のものです。
       LinkEmbedManifest:
         すべての出力が最新のものです。
         property作成.vcxproj -> D:\Visual Studio 2010\Projects\property作成\Debug\property作成.exe
       FinalizeBuildStatus:
         ファイル "Debug\property作成.unsuccessfulbuild" を削除しています。
         "Debug\property作成.lastbuildstate" のタッチ タスクを実行しています。
     1>プロジェクト "D:\Visual Studio 2010\Projects\property作成\property作成\property作成.vcxproj" (build ターゲット) のビルドが完了しました。

ビルドに成功しました。

経過時間 00:00:00.73
