D:\VISUAL STUDIO 2010\PROJECTS\PROPERTY作成\DEBUG\PROPERTY作成.EXE
D:\VISUAL STUDIO 2010\PROJECTS\PROPERTY作成\DEBUG\PROPERTY作成.ILK
D:\VISUAL STUDIO 2010\PROJECTS\PROPERTY作成\DEBUG\PROPERTY作成.PDB
D:\Visual Studio 2010\Projects\property作成\property作成\Debug\cl.command.1.tlog
D:\Visual Studio 2010\Projects\property作成\property作成\Debug\CL.read.1.tlog
D:\Visual Studio 2010\Projects\property作成\property作成\Debug\CL.write.1.tlog
D:\Visual Studio 2010\Projects\property作成\property作成\Debug\link.3388.read.1.tlog
D:\Visual Studio 2010\Projects\property作成\property作成\Debug\link.3388.write.1.tlog
D:\Visual Studio 2010\Projects\property作成\property作成\Debug\link.3388-cvtres.read.1.tlog
D:\Visual Studio 2010\Projects\property作成\property作成\Debug\link.3388-cvtres.write.1.tlog
D:\Visual Studio 2010\Projects\property作成\property作成\Debug\link.4832.read.1.tlog
D:\Visual Studio 2010\Projects\property作成\property作成\Debug\link.4832.write.1.tlog
D:\Visual Studio 2010\Projects\property作成\property作成\Debug\link.4832-cvtres.read.1.tlog
D:\Visual Studio 2010\Projects\property作成\property作成\Debug\link.4832-cvtres.write.1.tlog
D:\Visual Studio 2010\Projects\property作成\property作成\Debug\link.5584.read.1.tlog
D:\Visual Studio 2010\Projects\property作成\property作成\Debug\link.5584.write.1.tlog
D:\Visual Studio 2010\Projects\property作成\property作成\Debug\link.5584-cvtres.read.1.tlog
D:\Visual Studio 2010\Projects\property作成\property作成\Debug\link.5584-cvtres.write.1.tlog
D:\Visual Studio 2010\Projects\property作成\property作成\Debug\link.command.1.tlog
D:\Visual Studio 2010\Projects\property作成\property作成\Debug\link.read.1.tlog
D:\Visual Studio 2010\Projects\property作成\property作成\Debug\link.write.1.tlog
D:\Visual Studio 2010\Projects\property作成\property作成\Debug\link-cvtres.read.1.tlog
D:\Visual Studio 2010\Projects\property作成\property作成\Debug\link-cvtres.write.1.tlog
D:\Visual Studio 2010\Projects\property作成\property作成\Debug\mt.command.1.tlog
D:\Visual Studio 2010\Projects\property作成\property作成\Debug\mt.read.1.tlog
D:\Visual Studio 2010\Projects\property作成\property作成\Debug\mt.write.1.tlog
D:\VISUAL STUDIO 2010\PROJECTS\PROPERTY作成\PROPERTY作成\DEBUG\PROPERTY作成.EXE.EMBED.MANIFEST
D:\VISUAL STUDIO 2010\PROJECTS\PROPERTY作成\PROPERTY作成\DEBUG\PROPERTY作成.EXE.EMBED.MANIFEST.RES
D:\VISUAL STUDIO 2010\PROJECTS\PROPERTY作成\PROPERTY作成\DEBUG\PROPERTY作成.EXE.INTERMEDIATE.MANIFEST
D:\Visual Studio 2010\Projects\property作成\property作成\Debug\property作成.vcxprojResolveAssemblyReference.cache
D:\Visual Studio 2010\Projects\property作成\property作成\Debug\property作成.write.1.tlog
D:\Visual Studio 2010\Projects\property作成\property作成\Debug\property作成_manifest.rc
D:\VISUAL STUDIO 2010\PROJECTS\PROPERTY作成\PROPERTY作成\DEBUG\PROPRETY.OBJ
D:\Visual Studio 2010\Projects\property作成\property作成\Debug\rc.command.1.tlog
D:\Visual Studio 2010\Projects\property作成\property作成\Debug\rc.read.1.tlog
D:\Visual Studio 2010\Projects\property作成\property作成\Debug\rc.write.1.tlog
D:\Visual Studio 2010\Projects\property作成\property作成\Debug\vc100.idb
D:\VISUAL STUDIO 2010\PROJECTS\PROPERTY作成\PROPERTY作成\DEBUG\VC100.PDB
